Picked up _JAVA_OPTIONS: -Dawt.useSystemAAFontSettings=on -Dswing.aatext=true
2022-04-27 15:54:17,956 [    701]   WARN - llij.ide.plugins.PluginManager - Resource bundle redefinition for plugin 'com.jetbrains.pycharm.community.customization'. Old value: messages.ActionsBundle, new value: messages.PyBundle 
2022-04-27 15:54:19,659 [   2404]   WARN - tellij.ide.SystemHealthMonitor - issue detected: vm.options.env.vars (ignored) 
2022-04-27 15:54:19,800 [   2545]   WARN - nSystem.impl.ActionManagerImpl - keymap "Visual Studio" not found [Plugin: com.intellij] 
2022-04-27 15:54:19,806 [   2551]   WARN - nSystem.impl.ActionManagerImpl - keymap "Eclipse" not found [Plugin: com.intellij] 
2022-04-27 15:54:19,807 [   2552]   WARN - nSystem.impl.ActionManagerImpl - keymap "NetBeans 6.5" not found [Plugin: com.intellij] 
2022-04-27 15:54:19,807 [   2552]   WARN - nSystem.impl.ActionManagerImpl - keymap "Visual Studio" not found [Plugin: com.intellij] 
2022-04-27 15:54:20,110 [   2855]   WARN - nSystem.impl.ActionManagerImpl - keymap "Eclipse" not found [Plugin: org.jetbrains.plugins.github] 
2022-04-27 15:54:20,169 [   2914]   WARN - nSystem.impl.ActionManagerImpl - keymap "Eclipse" not found [Plugin: PythonCore] 
2022-04-27 15:54:20,169 [   2914]   WARN - nSystem.impl.ActionManagerImpl - keymap "NetBeans 6.5" not found [Plugin: PythonCore] 
2022-04-27 15:54:22,508 [   5253]   WARN - olchain.SystemDefaultToolchain - Cannot run program "nim": error=2, Aucun fichier ou dossier de ce type 
com.intellij.execution.process.ProcessNotCreatedException: Cannot run program "nim": error=2, Aucun fichier ou dossier de ce type
	at com.intellij.execution.configurations.GeneralCommandLine.createProcess(GeneralCommandLine.java:385)
	at com.jetbrains.nim.toolchain.SystemDefaultToolchain$nimExec$2.invoke(SystemDefaultToolchain.kt:23)
	at com.jetbrains.nim.toolchain.SystemDefaultToolchain$nimExec$2.invoke(SystemDefaultToolchain.kt:15)
	at kotlin.SynchronizedLazyImpl.getValue(LazyJVM.kt:74)
	at com.jetbrains.nim.toolchain.SystemDefaultToolchain.getNimExec(SystemDefaultToolchain.kt)
	at com.jetbrains.nim.config.NimProjectFileService.reloadDefaultToolchainConfiguration$nim_lang(NimProjectFileService.kt:224)
	at com.jetbrains.nim.config.NimProjectFileService$1.run(NimProjectFileService.kt:63)
	at com.intellij.util.RunnableCallable.call(RunnableCallable.java:20)
	at com.intellij.util.RunnableCallable.call(RunnableCallable.java:11)
	at com.intellij.openapi.application.impl.ApplicationImpl$1.call(ApplicationImpl.java:265)
	at java.base/java.util.concurrent.FutureTask.run(FutureTask.java:264)
	at java.base/java.util.concurrent.ThreadPoolExecutor.runWorker(ThreadPoolExecutor.java:1128)
	at java.base/java.util.concurrent.ThreadPoolExecutor$Worker.run(ThreadPoolExecutor.java:628)
	at java.base/java.util.concurrent.Executors$PrivilegedThreadFactory$1$1.run(Executors.java:668)
	at java.base/java.util.concurrent.Executors$PrivilegedThreadFactory$1$1.run(Executors.java:665)
	at java.base/java.security.AccessController.doPrivileged(Native Method)
	at java.base/java.util.concurrent.Executors$PrivilegedThreadFactory$1.run(Executors.java:665)
	at java.base/java.lang.Thread.run(Thread.java:829)
Caused by: java.io.IOException: Cannot run program "nim": error=2, Aucun fichier ou dossier de ce type
	at java.base/java.lang.ProcessBuilder.start(ProcessBuilder.java:1128)
	at java.base/java.lang.ProcessBuilder.start(ProcessBuilder.java:1071)
	at com.intellij.execution.configurations.GeneralCommandLine.startProcess(GeneralCommandLine.java:458)
	at com.intellij.execution.configurations.GeneralCommandLine.createProcess(GeneralCommandLine.java:381)
	... 17 more
Caused by: java.io.IOException: error=2, Aucun fichier ou dossier de ce type
	at java.base/java.lang.ProcessImpl.forkAndExec(Native Method)
	at java.base/java.lang.ProcessImpl.<init>(ProcessImpl.java:340)
	at java.base/java.lang.ProcessImpl.start(ProcessImpl.java:271)
	at java.base/java.lang.ProcessBuilder.start(ProcessBuilder.java:1107)
	... 20 more
Warning: Nashorn engine is planned to be removed from a future JDK release
2022-04-27 15:54:29,604 [  12349]   WARN - olchain.SystemDefaultToolchain - Cannot run program "nim": error=2, Aucun fichier ou dossier de ce type 
com.intellij.execution.process.ProcessNotCreatedException: Cannot run program "nim": error=2, Aucun fichier ou dossier de ce type
	at com.intellij.execution.configurations.GeneralCommandLine.createProcess(GeneralCommandLine.java:385)
	at com.jetbrains.nim.toolchain.SystemDefaultToolchain$nimExec$2.invoke(SystemDefaultToolchain.kt:23)
	at com.jetbrains.nim.toolchain.SystemDefaultToolchain$nimExec$2.invoke(SystemDefaultToolchain.kt:15)
	at kotlin.SynchronizedLazyImpl.getValue(LazyJVM.kt:74)
	at com.jetbrains.nim.toolchain.SystemDefaultToolchain.getNimExec(SystemDefaultToolchain.kt)
	at com.jetbrains.nim.config.NimProjectFileService.reloadDefaultToolchainConfiguration$nim_lang(NimProjectFileService.kt:224)
	at com.jetbrains.nim.config.NimProjectFileService$1.run(NimProjectFileService.kt:63)
	at com.intellij.util.RunnableCallable.call(RunnableCallable.java:20)
	at com.intellij.util.RunnableCallable.call(RunnableCallable.java:11)
	at com.intellij.openapi.application.impl.ApplicationImpl$1.call(ApplicationImpl.java:265)
	at java.base/java.util.concurrent.FutureTask.run(FutureTask.java:264)
	at java.base/java.util.concurrent.ThreadPoolExecutor.runWorker(ThreadPoolExecutor.java:1128)
	at java.base/java.util.concurrent.ThreadPoolExecutor$Worker.run(ThreadPoolExecutor.java:628)
	at java.base/java.util.concurrent.Executors$PrivilegedThreadFactory$1$1.run(Executors.java:668)
	at java.base/java.util.concurrent.Executors$PrivilegedThreadFactory$1$1.run(Executors.java:665)
	at java.base/java.security.AccessController.doPrivileged(Native Method)
	at java.base/java.util.concurrent.Executors$PrivilegedThreadFactory$1.run(Executors.java:665)
	at java.base/java.lang.Thread.run(Thread.java:829)
Caused by: java.io.IOException: Cannot run program "nim": error=2, Aucun fichier ou dossier de ce type
	at java.base/java.lang.ProcessBuilder.start(ProcessBuilder.java:1128)
	at java.base/java.lang.ProcessBuilder.start(ProcessBuilder.java:1071)
	at com.intellij.execution.configurations.GeneralCommandLine.startProcess(GeneralCommandLine.java:458)
	at com.intellij.execution.configurations.GeneralCommandLine.createProcess(GeneralCommandLine.java:381)
	... 17 more
Caused by: java.io.IOException: error=2, Aucun fichier ou dossier de ce type
	at java.base/java.lang.ProcessImpl.forkAndExec(Native Method)
	at java.base/java.lang.ProcessImpl.<init>(ProcessImpl.java:340)
	at java.base/java.lang.ProcessImpl.start(ProcessImpl.java:271)
	at java.base/java.lang.ProcessBuilder.start(ProcessBuilder.java:1107)
	... 20 more
2022-04-27 15:54:32,277 [  15022]   WARN - ot.lang.agent.CopilotAgentUtil - node executable not found in $PATH 
2022-04-27 15:54:33,022 [  15767]   WARN - ot.lang.agent.CopilotAgentUtil - node executable not found in $PATH 
2022-04-27 15:54:33,419 [  16164]   WARN - ea.status.GitStagingAreaHolder - Ignoring change under another root: GitFileStatus(index= , workTree=M, path=/home/osiris/odoo/odoo15/ADDONS/s2vz-addons (copie 1)/s2pc_employe/models/__pycache__/__init__.cpython-39.pyc, origPath=null); root: file:///home/osiris/odoo/odoo15/ADDONS/s2vz-addons (copie 1); mapped root: null 
2022-04-27 15:54:33,419 [  16164]   WARN - ea.status.GitStagingAreaHolder - Ignoring change under another root: GitFileStatus(index= , workTree=M, path=/home/osiris/odoo/odoo15/ADDONS/s2vz-addons (copie 1)/s2pc_employe/models/__pycache__/hr_employee.cpython-39.pyc, origPath=null); root: file:///home/osiris/odoo/odoo15/ADDONS/s2vz-addons (copie 1); mapped root: null 
2022-04-27 15:54:33,573 [  16318]   WARN - a.repo.GitUntrackedFilesHolder - Ignoring untracked file under another root: /home/osiris/odoo/odoo15/ADDONS/s2vz-addons (copie 1)/s2pc_employe/models/__pycache__/hr_child.cpython-39.pyc; root: /home/osiris/odoo/odoo15/ADDONS/s2vz-addons (copie 1); mapped root: null 
2022-04-27 15:54:39,774 [  22519]   WARN - ns.python.sdk.PythonSdkUpdater - Update for SDK Python 3.9 (venv): null (/home/osiris/odoo/odoo13/odoo-13.0.post20210914/venv/bin/python) failed 
com.jetbrains.python.sdk.InvalidSdkException: Failed to determine Python's sys.path value:
STDOUT: 
STDERR: 
	at com.jetbrains.python.sdk.PythonSdkType.getSysPathsFromScript(PythonSdkType.java:461)
	at com.jetbrains.python.sdk.PythonSdkType.getSysPath(PythonSdkType.java:443)
	at com.jetbrains.python.sdk.PythonSdkUpdater.evaluateSysPath(PythonSdkUpdater.java:564)
	at com.jetbrains.python.sdk.PythonSdkUpdater.getLocalSdkPaths(PythonSdkUpdater.java:437)
	at com.jetbrains.python.sdk.PythonSdkUpdater.updateLocalSdkPaths(PythonSdkUpdater.java:401)
	at com.jetbrains.python.sdk.PythonSdkUpdater.updateLocalSdkVersionAndPaths(PythonSdkUpdater.java:371)
	at com.jetbrains.python.sdk.PythonSdkUpdater$PyUpdateSdkTask.run(PythonSdkUpdater.java:142)
	at com.intellij.openapi.progress.impl.CoreProgressManager$TaskRunnable.run(CoreProgressManager.java:998)
	at com.intellij.openapi.progress.impl.CoreProgressManager.lambda$runProcessWithProgressAsync$5(CoreProgressManager.java:497)
	at com.intellij.openapi.progress.impl.ProgressRunner.lambda$submit$3(ProgressRunner.java:228)
	at com.intellij.openapi.progress.impl.CoreProgressManager.lambda$runProcess$2(CoreProgressManager.java:178)
	at com.intellij.openapi.progress.impl.CoreProgressManager.registerIndicatorAndRun(CoreProgressManager.java:688)
	at com.intellij.openapi.progress.impl.CoreProgressManager.executeProcessUnderProgress(CoreProgressManager.java:634)
	at com.intellij.openapi.progress.impl.ProgressManagerImpl.executeProcessUnderProgress(ProgressManagerImpl.java:64)
	at com.intellij.openapi.progress.impl.CoreProgressManager.runProcess(CoreProgressManager.java:165)
	at com.intellij.openapi.progress.impl.ProgressRunner.lambda$submit$4(ProgressRunner.java:228)
	at java.base/java.util.concurrent.CompletableFuture$AsyncSupply.run(CompletableFuture.java:1700)
	at java.base/java.util.concurrent.ThreadPoolExecutor.runWorker(ThreadPoolExecutor.java:1128)
	at java.base/java.util.concurrent.ThreadPoolExecutor$Worker.run(ThreadPoolExecutor.java:628)
	at java.base/java.util.concurrent.Executors$PrivilegedThreadFactory$1$1.run(Executors.java:668)
	at java.base/java.util.concurrent.Executors$PrivilegedThreadFactory$1$1.run(Executors.java:665)
	at java.base/java.security.AccessController.doPrivileged(Native Method)
	at java.base/java.util.concurrent.Executors$PrivilegedThreadFactory$1.run(Executors.java:665)
	at java.base/java.lang.Thread.run(Thread.java:829)
2022-04-27 15:55:40,467 [  83212]   WARN - com.intellij.util.xmlb.Binding - no accessors for com.intellij.openapi.updateSettings.impl.pluginsAdvertisement.PluginAdvertiserExtensionsStateService$State 
